<?xml version="1.0" encoding="utf-8" standalone="no"?>
<test-results xmlns:xsi="http://www.w3.org/2001/XMLSchema-instance" xsi:noNamespaceSchemaLocation="nunit_schema_2.5.xsd" name="Pester" total="1" errors="0" failures="0" not-run="0" inconclusive="0" ignored="0" skipped="0" invalid="0" date="2022-04-28" time="23:43:58">
  <environment os-version="10.0.19044" nunit-version="2.5.8.0" platform="Microsoft Windows 10 Home|C:\WINDOWS|\Device\Harddisk1\Partition3" machine-name="NITRO" cwd="D:\Git\IvantiPS" user-domain="NITRO" clr-version="Unknown" user="joeyw" />
  <culture-info current-culture="en-US" current-uiculture="en-US" />
  <test-suite type="TestFixture" name="Pester" executed="True" result="Success" success="True" time="0.0441" asserts="0" description="Pester">
    <results>
      <test-suite type="TestFixture" name="D:\Git\IvantiPS\Tests\Set-IvantiPSConfig.Tests.ps1" executed="True" result="Success" success="True" time="0.0441" asserts="0" description="D:\Git\IvantiPS\Tests\Set-IvantiPSConfig.Tests.ps1">
        <results>
          <test-suite type="TestFixture" name="Set-IvantiPSConfig" executed="True" result="Success" success="True" time="0.0095" asserts="0" description="Set-IvantiPSConfig">
            <results>
              <test-case description="Given valid parameters, creates config.json" name="Set-IvantiPSConfig.Given valid parameters, creates config.json" time="0.0046" asserts="0" success="True" result="Success" executed="True" />
            </results>
          </test-suite>
        </results>
      </test-suite>
    </results>
  </test-suite>
</test-results>