<?xml version="1.0" encoding="utf-8" standalone="no"?>
<test-results xmlns:xsi="http://www.w3.org/2001/XMLSchema-instance" xsi:noNamespaceSchemaLocation="nunit_schema_2.5.xsd" name="Pester" total="0" errors="0" failures="0" not-run="0" inconclusive="0" ignored="0" skipped="0" invalid="0" date="2022-04-28" time="22:11:59">
  <environment user="joeyw" user-domain="NITRO" nunit-version="2.5.8.0" clr-version="" cwd="D:\Git\IvantiPS" os-version="10.0.19044" machine-name="NITRO" platform="Microsoft Windows 10 Home|C:\WINDOWS|\Device\Harddisk1\Partition3" />
  <culture-info current-culture="en-US" current-uiculture="en-US" />
  <test-suite type="Powershell" name="Pester" executed="True" result="Success" success="True" time="0" asserts="0">
    <results />
  </test-suite>
</test-results>